<?xml version="1.0" encoding="utf-8"?><testsuites name="pytest tests"><testsuite name="pytest" errors="0" failures="0" skipped="0" tests="12" time="3.827" timestamp="2026-04-16T11:00:37.420592+00:00" hostname="agent-env-18659785-f035-4e68-b3b6-938104e14d94"><testcase classname="backend.tests.test_phase5.TestPublicDocsEndpoint" name="test_docs_config_no_auth_required" time="0.168" /><testcase classname="backend.tests.test_phase5.TestPublicDocsEndpoint" name="test_docs_config_returns_correct_structure" time="0.135" /><testcase classname="backend.tests.test_phase5.TestPublicDocsEndpoint" name="test_docs_config_endpoints_have_required_fields" time="0.148" /><testcase classname="backend.tests.test_phase5.TestPublicDocsEndpoint" name="test_docs_config_spec_is_valid_openapi" time="0.122" /><testcase classname="backend.tests.test_phase5.TestPublicDocsEndpoint" name="test_docs_config_nonexistent_project" time="0.130" /><testcase classname="backend.tests.test_phase5.TestAPIKeysManagement" name="test_list_api_keys" time="0.468" /><testcase classname="backend.tests.test_phase5.TestAPIKeysManagement" name="test_create_api_key" time="0.463" /><testcase classname="backend.tests.test_phase5.TestAPIKeysManagement" name="test_create_and_revoke_api_key" time="0.850" /><testcase classname="backend.tests.test_phase5.TestAPIKeysManagement" name="test_list_keys_requires_auth" time="0.472" /><testcase classname="backend.tests.test_phase5.TestAPIKeysManagement" name="test_create_key_requires_auth" time="0.485" /><testcase classname="backend.tests.test_phase5.TestDocsPagePublicAccess" name="test_docs_config_with_no_cookies" time="0.128" /><testcase classname="backend.tests.test_phase5.TestDocsPagePublicAccess" name="test_spec_endpoint_public" time="0.168" /></testsuite></testsuites>