<?xml version="1.0" encoding="utf-8"?><testsuites name="pytest tests"><testsuite name="pytest" errors="0" failures="0" skipped="0" tests="13" time="2.040" timestamp="2026-04-16T11:23:25.119691+00:00" hostname="agent-env-18659785-f035-4e68-b3b6-938104e14d94"><testcase classname="backend.tests.test_phase6_analytics.TestAnalyticsEndpoint" name="test_analytics_requires_auth" time="0.201" /><testcase classname="backend.tests.test_phase6_analytics.TestAnalyticsEndpoint" name="test_analytics_returns_correct_structure" time="0.433" /><testcase classname="backend.tests.test_phase6_analytics.TestAnalyticsEndpoint" name="test_analytics_total_calls_is_number" time="0.110" /><testcase classname="backend.tests.test_phase6_analytics.TestAnalyticsEndpoint" name="test_analytics_active_keys_is_number" time="0.107" /><testcase classname="backend.tests.test_phase6_analytics.TestAnalyticsEndpoint" name="test_analytics_avg_latency_is_number" time="0.106" /><testcase classname="backend.tests.test_phase6_analytics.TestAnalyticsEndpoint" name="test_analytics_error_rate_is_percentage" time="0.101" /><testcase classname="backend.tests.test_phase6_analytics.TestAnalyticsEndpoint" name="test_analytics_calls_by_day_structure" time="0.112" /><testcase classname="backend.tests.test_phase6_analytics.TestAnalyticsEndpoint" name="test_analytics_calls_by_endpoint_structure" time="0.146" /><testcase classname="backend.tests.test_phase6_analytics.TestAnalyticsEndpoint" name="test_analytics_recent_requests_structure" time="0.108" /><testcase classname="backend.tests.test_phase6_analytics.TestAnalyticsEndpoint" name="test_analytics_invalid_project_returns_404" time="0.103" /><testcase classname="backend.tests.test_phase6_analytics.TestProjectsListWithStats" name="test_projects_list_returns_stats_for_live_projects" time="0.121" /><testcase classname="backend.tests.test_phase6_analytics.TestProjectsListWithStats" name="test_projects_list_stats_are_numbers" time="0.106" /><testcase classname="backend.tests.test_phase6_analytics.TestAnalyticsEmptyState" name="test_analytics_handles_empty_data_gracefully" time="0.217" /></testsuite></testsuites>